<?xml version="1.0" encoding="UTF-8"?>
<testng-results skipped="2" failed="0" total="3" passed="1">
  <reporter-output>
  </reporter-output>
  <suite name="Suite" duration-ms="21564" started-at="2017-04-10T06:50:02Z" finished-at="2017-04-10T06:50:24Z">
    <groups>
    </groups>
    <test name="SwitchWindows" duration-ms="16960" started-at="2017-04-10T06:50:02Z" finished-at="2017-04-10T06:50:19Z">
      <class name="com.automation.links.SwitchWindows">
        <test-method status="FAIL" signature="prerequisites()[pri:0, instance:com.automation.links.SwitchWindows@355ce81c]" name="prerequisites" is-config="true" duration-ms="0" started-at="2017-04-10T12:20:02Z" finished-at="2017-04-10T12:20:02Z">
          <exception class="org.openqa.selenium.NoSuchElementException">
            <message>
              <![CDATA[no such element: Unable to locate element: {"method":"link text","selector":"Click here"}
  (Session info: chrome=57.0.2987.133)
  (Driver info: chromedriver=2.29.461591 (62ebf098771772160f391d75e589dc567915b233),platform=Windows NT 10.0.10586 x86_64) (WARNING: The server did not provide any stacktrace information)
Command duration or timeout: 5.67 seconds
For documentation on this error, please visit: http://seleniumhq.org/exceptions/no_such_element.html
Build info: version: '2.48.2', revision: '41bccdd', time: '2015-10-09 19:59:12'
System info: host: 'G1C2ML14105', ip: '172.17.120.247', os.name: 'Windows 10', os.arch: 'amd64', os.version: '10.0', java.version: '1.8.0_121'
Driver info: org.openqa.selenium.chrome.ChromeDriver
Capabilities [{applicationCacheEnabled=false, rotatable=false, mobileEmulationEnabled=false, networkConnectionEnabled=false, chrome={chromedriverVersion=2.29.461591 (62ebf098771772160f391d75e589dc567915b233), userDataDir=C:\Users\M1039093\AppData\Local\Temp\scoped_dir13964_15297}, takesHeapSnapshot=true, pageLoadStrategy=normal, databaseEnabled=false, handlesAlerts=true, hasTouchScreen=false, version=57.0.2987.133, platform=XP, browserConnectionEnabled=false, nativeEvents=true, acceptSslCerts=true, locationContextEnabled=true, webStorageEnabled=true, browserName=chrome, takesScreenshot=true, javascriptEnabled=true, cssSelectorsEnabled=true, unexpectedAlertBehaviour=}]
Session ID: 0637b50ba2d3264207e9047453522ee3
*** Element info: {Using=link text, value=Click here}]]>
            </message>
            <full-stacktrace>
              <![CDATA[org.openqa.selenium.NoSuchElementException: no such element: Unable to locate element: {"method":"link text","selector":"Click here"}
  (Session info: chrome=57.0.2987.133)
  (Driver info: chromedriver=2.29.461591 (62ebf098771772160f391d75e589dc567915b233),platform=Windows NT 10.0.10586 x86_64) (WARNING: The server did not provide any stacktrace information)
Command duration or timeout: 5.67 seconds
For documentation on this error, please visit: http://seleniumhq.org/exceptions/no_such_element.html
Build info: version: '2.48.2', revision: '41bccdd', time: '2015-10-09 19:59:12'
System info: host: 'G1C2ML14105', ip: '172.17.120.247', os.name: 'Windows 10', os.arch: 'amd64', os.version: '10.0', java.version: '1.8.0_121'
Driver info: org.openqa.selenium.chrome.ChromeDriver
Capabilities [{applicationCacheEnabled=false, rotatable=false, mobileEmulationEnabled=false, networkConnectionEnabled=false, chrome={chromedriverVersion=2.29.461591 (62ebf098771772160f391d75e589dc567915b233), userDataDir=C:\Users\M1039093\AppData\Local\Temp\scoped_dir13964_15297}, takesHeapSnapshot=true, pageLoadStrategy=normal, databaseEnabled=false, handlesAlerts=true, hasTouchScreen=false, version=57.0.2987.133, platform=XP, browserConnectionEnabled=false, nativeEvents=true, acceptSslCerts=true, locationContextEnabled=true, webStorageEnabled=true, browserName=chrome, takesScreenshot=true, javascriptEnabled=true, cssSelectorsEnabled=true, unexpectedAlertBehaviour=}]
Session ID: 0637b50ba2d3264207e9047453522ee3
*** Element info: {Using=link text, value=Click here}
	at sun.reflect.NativeConstructorAccessorImpl.newInstance0(Native Method)
	at sun.reflect.NativeConstructorAccessorImpl.newInstance(Unknown Source)
	at sun.reflect.DelegatingConstructorAccessorImpl.newInstance(Unknown Source)
	at java.lang.reflect.Constructor.newInstance(Unknown Source)
	at org.openqa.selenium.remote.ErrorHandler.createThrowable(ErrorHandler.java:206)
	at org.openqa.selenium.remote.ErrorHandler.throwIfResponseFailed(ErrorHandler.java:158)
	at org.openqa.selenium.remote.RemoteWebDriver.execute(RemoteWebDriver.java:647)
	at org.openqa.selenium.remote.RemoteWebDriver.findElement(RemoteWebDriver.java:353)
	at org.openqa.selenium.remote.RemoteWebDriver.findElementByLinkText(RemoteWebDriver.java:418)
	at org.openqa.selenium.By$ByLinkText.findElement(By.java:246)
	at org.openqa.selenium.remote.RemoteWebDriver.findElement(RemoteWebDriver.java:345)
	at com.automation.links.SwitchWindows.prerequisites(SwitchWindows.java:42)
	at sun.reflect.NativeMethodAccessorImpl.invoke0(Native Method)
	at sun.reflect.NativeMethodAccessorImpl.invoke(Unknown Source)
	at sun.reflect.DelegatingMethodAccessorImpl.invoke(Unknown Source)
	at java.lang.reflect.Method.invoke(Unknown Source)
	at org.testng.internal.MethodInvocationHelper.invokeMethod(MethodInvocationHelper.java:85)
	at org.testng.internal.Invoker.invokeConfigurationMethod(Invoker.java:510)
	at org.testng.internal.Invoker.invokeConfigurations(Invoker.java:211)
	at org.testng.internal.Invoker.invokeConfigurations(Invoker.java:138)
	at org.testng.internal.TestMethodWorker.invokeBeforeClassMethods(TestMethodWorker.java:170)
	at org.testng.internal.TestMethodWorker.run(TestMethodWorker.java:104)
	at java.util.concurrent.ThreadPoolExecutor.runWorker(Unknown Source)
	at java.util.concurrent.ThreadPoolExecutor$Worker.run(Unknown Source)
	at java.lang.Thread.run(Unknown Source)
]]>
            </full-stacktrace>
          </exception> <!-- org.openqa.selenium.NoSuchElementException -->
          <reporter-output>
          </reporter-output>
        </test-method> <!-- prerequisites -->
        <test-method status="SKIP" signature="switchwindows()[pri:0, instance:com.automation.links.SwitchWindows@355ce81c]" name="switchwindows" duration-ms="16" started-at="2017-04-10T12:20:19Z" finished-at="2017-04-10T12:20:19Z">
          <reporter-output>
          </reporter-output>
        </test-method> <!-- switchwindows -->
        <test-method status="SKIP" signature="switchwin()[pri:0, instance:com.automation.links.SwitchWindows@355ce81c]" name="switchwin" duration-ms="27" started-at="2017-04-10T12:20:19Z" finished-at="2017-04-10T12:20:19Z">
          <reporter-output>
          </reporter-output>
        </test-method> <!-- switchwin -->
        <test-method status="SKIP" signature="afterMethod()[pri:0, instance:com.automation.links.SwitchWindows@355ce81c]" name="afterMethod" is-config="true" duration-ms="3" started-at="2017-04-10T12:20:19Z" finished-at="2017-04-10T12:20:19Z">
          <reporter-output>
          </reporter-output>
        </test-method> <!-- afterMethod -->
        <test-method status="SKIP" signature="afterMethod()[pri:0, instance:com.automation.links.SwitchWindows@355ce81c]" name="afterMethod" is-config="true" duration-ms="0" started-at="2017-04-10T12:20:19Z" finished-at="2017-04-10T12:20:19Z">
          <reporter-output>
          </reporter-output>
        </test-method> <!-- afterMethod -->
      </class> <!-- com.automation.links.SwitchWindows -->
    </test> <!-- SwitchWindows -->
    <test name="Tables" duration-ms="4478" started-at="2017-04-10T06:50:19Z" finished-at="2017-04-10T06:50:24Z">
      <class name="com.automation.links.AccessTables">
        <test-method status="PASS" signature="tables()[pri:0, instance:com.automation.links.AccessTables@3d1cfad4]" name="tables" duration-ms="4463" started-at="2017-04-10T12:20:19Z" finished-at="2017-04-10T12:20:24Z">
          <reporter-output>
          </reporter-output>
        </test-method> <!-- tables -->
        <test-method status="PASS" signature="afterMethod()[pri:0, instance:com.automation.links.AccessTables@3d1cfad4]" name="afterMethod" is-config="true" duration-ms="0" started-at="2017-04-10T12:20:24Z" finished-at="2017-04-10T12:20:24Z">
          <reporter-output>
          </reporter-output>
        </test-method> <!-- afterMethod -->
      </class> <!-- com.automation.links.AccessTables -->
    </test> <!-- Tables -->
  </suite> <!-- Suite -->
</testng-results>
